[2018-03-04 03:46:21] local.ERROR: The /Users/kimyongtan/Documents/GitHub/ChineseReading/ChineseReading-Laravel2/bootstrap/cache directory must be present and writable. {"exception":"[object] (Exception(code: 0): The /Users/kimyongtan/Documents/GitHub/ChineseReading/ChineseReading-Laravel2/bootstrap/cache directory must be present and writable. at /Users/kimyongtan/Documents/GitHub/ChineseReading/ChineseReading-Laravel2/vendor/laravel/framework/src/Illuminate/Foundation/PackageManifest.php:165)
[stacktrace]
#0 /Users/kimyongtan/Documents/GitHub/ChineseReading/ChineseReading-Laravel2/vendor/laravel/framework/src/Illuminate/Foundation/PackageManifest.php(125): Illuminate\\Foundation\\PackageManifest->write(Array)
#1 /Users/kimyongtan/Documents/GitHub/ChineseReading/ChineseReading-Laravel2/vendor/laravel/framework/src/Illuminate/Foundation/PackageManifest.php(97): Illuminate\\Foundation\\PackageManifest->build()
#2 /Users/kimyongtan/Documents/GitHub/ChineseReading/ChineseReading-Laravel2/vendor/laravel/framework/src/Illuminate/Foundation/PackageManifest.php(80): Illuminate\\Foundation\\PackageManifest->getManifest()
#3 /Users/kimyongtan/Documents/GitHub/ChineseReading/ChineseReading-Laravel2/vendor/laravel/framework/src/Illuminate/Foundation/Bootstrap/RegisterFacades.php(26): Illuminate\\Foundation\\PackageManifest->aliases()
#4 /Users/kimyongtan/Documents/GitHub/ChineseReading/ChineseReading-Laravel2/vendor/laravel/framework/src/Illuminate/Foundation/Application.php(206): Illuminate\\Foundation\\Bootstrap\\RegisterFacades->bootstrap(Object(Illuminate\\Foundation\\Application))
#5 /Users/kimyongtan/Documents/GitHub/ChineseReading/ChineseReading-Laravel2/vendor/laravel/framework/src/Illuminate/Foundation/Http/Kernel.php(162): Illuminate\\Foundation\\Application->bootstrapWith(Array)
#6 /Users/kimyongtan/Documents/GitHub/ChineseReading/ChineseReading-Laravel2/vendor/laravel/framework/src/Illuminate/Foundation/Http/Kernel.php(146): Illuminate\\Foundation\\Http\\Kernel->bootstrap()
#7 /Users/kimyongtan/Documents/GitHub/ChineseReading/ChineseReading-Laravel2/vendor/laravel/framework/src/Illuminate/Foundation/Http/Kernel.php(116): Illuminate\\Foundation\\Http\\Kernel->sendRequestThroughRouter(Object(Illuminate\\Http\\Request))
#8 /Users/kimyongtan/Documents/GitHub/ChineseReading/ChineseReading-Laravel2/public_html/index.php(55): Illuminate\\Foundation\\Http\\Kernel->handle(Object(Illuminate\\Http\\Request))
#9 {main}
"} 
[2018-03-04 03:49:20] local.ERROR: Parse error: syntax error, unexpected ']', expecting ',' or ')' {"exception":"[object] (Symfony\\Component\\Debug\\Exception\\FatalThrowableError(code: 0): Parse error: syntax error, unexpected ']', expecting ',' or ')' at /Users/kimyongtan/Documents/GitHub/ChineseReading/ChineseReading-Laravel2/routes/api.php:50)
[stacktrace]
#0 /Users/kimyongtan/Documents/GitHub/ChineseReading/ChineseReading-Laravel2/vendor/laravel/framework/src/Illuminate/Routing/Router.php(350): Illuminate\\Routing\\Router->loadRoutes('/Users/kimyongt...')
#1 /Users/kimyongtan/Documents/GitHub/ChineseReading/ChineseReading-Laravel2/vendor/laravel/framework/src/Illuminate/Routing/RouteRegistrar.php(105): Illuminate\\Routing\\Router->group(Array, '/Users/kimyongt...')
#2 /Users/kimyongtan/Documents/GitHub/ChineseReading/ChineseReading-Laravel2/app/Providers/RouteServiceProvider.php(72): Illuminate\\Routing\\RouteRegistrar->group('/Users/kimyongt...')
#3 /Users/kimyongtan/Documents/GitHub/ChineseReading/ChineseReading-Laravel2/app/Providers/RouteServiceProvider.php(38): App\\Providers\\RouteServiceProvider->mapApiRoutes()
#4 [internal function]: App\\Providers\\RouteServiceProvider->map()
#5 /Users/kimyongtan/Documents/GitHub/ChineseReading/ChineseReading-Laravel2/vendor/laravel/framework/src/Illuminate/Container/BoundMethod.php(29): call_user_func_array(Array, Array)
#6 /Users/kimyongtan/Documents/GitHub/ChineseReading/ChineseReading-Laravel2/vendor/laravel/framework/src/Illuminate/Container/BoundMethod.php(87): Illuminate\\Container\\BoundMethod::Illuminate\\Container\\{closure}()
#7 /Users/kimyongtan/Documents/GitHub/ChineseReading/ChineseReading-Laravel2/vendor/laravel/framework/src/Illuminate/Container/BoundMethod.php(31): Illuminate\\Container\\BoundMethod::callBoundMethod(Object(Illuminate\\Foundation\\Application), Array, Object(Closure))
#8 /Users/kimyongtan/Documents/GitHub/ChineseReading/ChineseReading-Laravel2/vendor/laravel/framework/src/Illuminate/Container/Container.php(564): Illuminate\\Container\\BoundMethod::call(Object(Illuminate\\Foundation\\Application), Array, Array, NULL)
#9 /Users/kimyongtan/Documents/GitHub/ChineseReading/ChineseReading-Laravel2/vendor/laravel/framework/src/Illuminate/Foundation/Support/Providers/RouteServiceProvider.php(74): Illuminate\\Container\\Container->call(Array)
#10 /Users/kimyongtan/Documents/GitHub/ChineseReading/ChineseReading-Laravel2/vendor/laravel/framework/src/Illuminate/Foundation/Support/Providers/RouteServiceProvider.php(33): Illuminate\\Foundation\\Support\\Providers\\RouteServiceProvider->loadRoutes()
#11 /Users/kimyongtan/Documents/GitHub/ChineseReading/ChineseReading-Laravel2/app/Providers/RouteServiceProvider.php(28): Illuminate\\Foundation\\Support\\Providers\\RouteServiceProvider->boot()
#12 [internal function]: App\\Providers\\RouteServiceProvider->boot()
#13 /Users/kimyongtan/Documents/GitHub/ChineseReading/ChineseReading-Laravel2/vendor/laravel/framework/src/Illuminate/Container/BoundMethod.php(29): call_user_func_array(Array, Array)
#14 /Users/kimyongtan/Documents/GitHub/ChineseReading/ChineseReading-Laravel2/vendor/laravel/framework/src/Illuminate/Container/BoundMethod.php(87): Illuminate\\Container\\BoundMethod::Illuminate\\Container\\{closure}()
#15 /Users/kimyongtan/Documents/GitHub/ChineseReading/ChineseReading-Laravel2/vendor/laravel/framework/src/Illuminate/Container/BoundMethod.php(31): Illuminate\\Container\\BoundMethod::callBoundMethod(Object(Illuminate\\Foundation\\Application), Array, Object(Closure))
#16 /Users/kimyongtan/Documents/GitHub/ChineseReading/ChineseReading-Laravel2/vendor/laravel/framework/src/Illuminate/Container/Container.php(564): Illuminate\\Container\\BoundMethod::call(Object(Illuminate\\Foundation\\Application), Array, Array, NULL)
#17 /Users/kimyongtan/Documents/GitHub/ChineseReading/ChineseReading-Laravel2/vendor/laravel/framework/src/Illuminate/Foundation/Application.php(800): Illuminate\\Container\\Container->call(Array)
#18 /Users/kimyongtan/Documents/GitHub/ChineseReading/ChineseReading-Laravel2/vendor/laravel/framework/src/Illuminate/Foundation/Application.php(783): Illuminate\\Foundation\\Application->bootProvider(Object(App\\Providers\\RouteServiceProvider))
#19 [internal function]: Illuminate\\Foundation\\Application->Illuminate\\Foundation\\{closure}(Object(App\\Providers\\RouteServiceProvider), 21)
#20 /Users/kimyongtan/Documents/GitHub/ChineseReading/ChineseReading-Laravel2/vendor/laravel/framework/src/Illuminate/Foundation/Application.php(784): array_walk(Array, Object(Closure))
#21 /Users/kimyongtan/Documents/GitHub/ChineseReading/ChineseReading-Laravel2/vendor/laravel/framework/src/Illuminate/Foundation/Bootstrap/BootProviders.php(17): Illuminate\\Foundation\\Application->boot()
#22 /Users/kimyongtan/Documents/GitHub/ChineseReading/ChineseReading-Laravel2/vendor/laravel/framework/src/Illuminate/Foundation/Application.php(206): Illuminate\\Foundation\\Bootstrap\\BootProviders->bootstrap(Object(Illuminate\\Foundation\\Application))
#23 /Users/kimyongtan/Documents/GitHub/ChineseReading/ChineseReading-Laravel2/vendor/laravel/framework/src/Illuminate/Foundation/Http/Kernel.php(162): Illuminate\\Foundation\\Application->bootstrapWith(Array)
#24 /Users/kimyongtan/Documents/GitHub/ChineseReading/ChineseReading-Laravel2/vendor/laravel/framework/src/Illuminate/Foundation/Http/Kernel.php(146): Illuminate\\Foundation\\Http\\Kernel->bootstrap()
#25 /Users/kimyongtan/Documents/GitHub/ChineseReading/ChineseReading-Laravel2/vendor/laravel/framework/src/Illuminate/Foundation/Http/Kernel.php(116): Illuminate\\Foundation\\Http\\Kernel->sendRequestThroughRouter(Object(Illuminate\\Http\\Request))
#26 /Users/kimyongtan/Documents/GitHub/ChineseReading/ChineseReading-Laravel2/public_html/index.php(55): Illuminate\\Foundation\\Http\\Kernel->handle(Object(Illuminate\\Http\\Request))
#27 {main}
"} 
[2018-03-04 03:51:09] local.ERROR: Parse error: syntax error, unexpected ']', expecting ',' or ')' {"exception":"[object] (Symfony\\Component\\Debug\\Exception\\FatalThrowableError(code: 0): Parse error: syntax error, unexpected ']', expecting ',' or ')' at /Users/kimyongtan/Documents/GitHub/ChineseReading/ChineseReading-Laravel2/routes/api.php:50)
[stacktrace]
#0 /Users/kimyongtan/Documents/GitHub/ChineseReading/ChineseReading-Laravel2/vendor/laravel/framework/src/Illuminate/Routing/Router.php(350): Illuminate\\Routing\\Router->loadRoutes('/Users/kimyongt...')
#1 /Users/kimyongtan/Documents/GitHub/ChineseReading/ChineseReading-Laravel2/vendor/laravel/framework/src/Illuminate/Routing/RouteRegistrar.php(105): Illuminate\\Routing\\Router->group(Array, '/Users/kimyongt...')
#2 /Users/kimyongtan/Documents/GitHub/ChineseReading/ChineseReading-Laravel2/app/Providers/RouteServiceProvider.php(72): Illuminate\\Routing\\RouteRegistrar->group('/Users/kimyongt...')
#3 /Users/kimyongtan/Documents/GitHub/ChineseReading/ChineseReading-Laravel2/app/Providers/RouteServiceProvider.php(38): App\\Providers\\RouteServiceProvider->mapApiRoutes()
#4 [internal function]: App\\Providers\\RouteServiceProvider->map()
#5 /Users/kimyongtan/Documents/GitHub/ChineseReading/ChineseReading-Laravel2/vendor/laravel/framework/src/Illuminate/Container/BoundMethod.php(29): call_user_func_array(Array, Array)
#6 /Users/kimyongtan/Documents/GitHub/ChineseReading/ChineseReading-Laravel2/vendor/laravel/framework/src/Illuminate/Container/BoundMethod.php(87): Illuminate\\Container\\BoundMethod::Illuminate\\Container\\{closure}()
#7 /Users/kimyongtan/Documents/GitHub/ChineseReading/ChineseReading-Laravel2/vendor/laravel/framework/src/Illuminate/Container/BoundMethod.php(31): Illuminate\\Container\\BoundMethod::callBoundMethod(Object(Illuminate\\Foundation\\Application), Array, Object(Closure))
#8 /Users/kimyongtan/Documents/GitHub/ChineseReading/ChineseReading-Laravel2/vendor/laravel/framework/src/Illuminate/Container/Container.php(564): Illuminate\\Container\\BoundMethod::call(Object(Illuminate\\Foundation\\Application), Array, Array, NULL)
#9 /Users/kimyongtan/Documents/GitHub/ChineseReading/ChineseReading-Laravel2/vendor/laravel/framework/src/Illuminate/Foundation/Support/Providers/RouteServiceProvider.php(74): Illuminate\\Container\\Container->call(Array)
#10 /Users/kimyongtan/Documents/GitHub/ChineseReading/ChineseReading-Laravel2/vendor/laravel/framework/src/Illuminate/Foundation/Support/Providers/RouteServiceProvider.php(33): Illuminate\\Foundation\\Support\\Providers\\RouteServiceProvider->loadRoutes()
#11 /Users/kimyongtan/Documents/GitHub/ChineseReading/ChineseReading-Laravel2/app/Providers/RouteServiceProvider.php(28): Illuminate\\Foundation\\Support\\Providers\\RouteServiceProvider->boot()
#12 [internal function]: App\\Providers\\RouteServiceProvider->boot()
#13 /Users/kimyongtan/Documents/GitHub/ChineseReading/ChineseReading-Laravel2/vendor/laravel/framework/src/Illuminate/Container/BoundMethod.php(29): call_user_func_array(Array, Array)
#14 /Users/kimyongtan/Documents/GitHub/ChineseReading/ChineseReading-Laravel2/vendor/laravel/framework/src/Illuminate/Container/BoundMethod.php(87): Illuminate\\Container\\BoundMethod::Illuminate\\Container\\{closure}()
#15 /Users/kimyongtan/Documents/GitHub/ChineseReading/ChineseReading-Laravel2/vendor/laravel/framework/src/Illuminate/Container/BoundMethod.php(31): Illuminate\\Container\\BoundMethod::callBoundMethod(Object(Illuminate\\Foundation\\Application), Array, Object(Closure))
#16 /Users/kimyongtan/Documents/GitHub/ChineseReading/ChineseReading-Laravel2/vendor/laravel/framework/src/Illuminate/Container/Container.php(564): Illuminate\\Container\\BoundMethod::call(Object(Illuminate\\Foundation\\Application), Array, Array, NULL)
#17 /Users/kimyongtan/Documents/GitHub/ChineseReading/ChineseReading-Laravel2/vendor/laravel/framework/src/Illuminate/Foundation/Application.php(800): Illuminate\\Container\\Container->call(Array)
#18 /Users/kimyongtan/Documents/GitHub/ChineseReading/ChineseReading-Laravel2/vendor/laravel/framework/src/Illuminate/Foundation/Application.php(783): Illuminate\\Foundation\\Application->bootProvider(Object(App\\Providers\\RouteServiceProvider))
#19 [internal function]: Illuminate\\Foundation\\Application->Illuminate\\Foundation\\{closure}(Object(App\\Providers\\RouteServiceProvider), 21)
#20 /Users/kimyongtan/Documents/GitHub/ChineseReading/ChineseReading-Laravel2/vendor/laravel/framework/src/Illuminate/Foundation/Application.php(784): array_walk(Array, Object(Closure))
#21 /Users/kimyongtan/Documents/GitHub/ChineseReading/ChineseReading-Laravel2/vendor/laravel/framework/src/Illuminate/Foundation/Bootstrap/BootProviders.php(17): Illuminate\\Foundation\\Application->boot()
#22 /Users/kimyongtan/Documents/GitHub/ChineseReading/ChineseReading-Laravel2/vendor/laravel/framework/src/Illuminate/Foundation/Application.php(206): Illuminate\\Foundation\\Bootstrap\\BootProviders->bootstrap(Object(Illuminate\\Foundation\\Application))
#23 /Users/kimyongtan/Documents/GitHub/ChineseReading/ChineseReading-Laravel2/vendor/laravel/framework/src/Illuminate/Foundation/Http/Kernel.php(162): Illuminate\\Foundation\\Application->bootstrapWith(Array)
#24 /Users/kimyongtan/Documents/GitHub/ChineseReading/ChineseReading-Laravel2/vendor/laravel/framework/src/Illuminate/Foundation/Http/Kernel.php(146): Illuminate\\Foundation\\Http\\Kernel->bootstrap()
#25 /Users/kimyongtan/Documents/GitHub/ChineseReading/ChineseReading-Laravel2/vendor/laravel/framework/src/Illuminate/Foundation/Http/Kernel.php(116): Illuminate\\Foundation\\Http\\Kernel->sendRequestThroughRouter(Object(Illuminate\\Http\\Request))
#26 /Users/kimyongtan/Documents/GitHub/ChineseReading/ChineseReading-Laravel2/public_html/index.php(55): Illuminate\\Foundation\\Http\\Kernel->handle(Object(Illuminate\\Http\\Request))
#27 {main}
"} 
[2018-03-04 04:01:27] local.ERROR: The user credentials were incorrect. {"exception":"[object] (League\\OAuth2\\Server\\Exception\\OAuthServerException(code: 6): The user credentials were incorrect. at /Users/kimyongtan/Documents/GitHub/ChineseReading/ChineseReading-Laravel2/vendor/league/oauth2-server/src/Exception/OAuthServerException.php:128)
[stacktrace]
#0 /Users/kimyongtan/Documents/GitHub/ChineseReading/ChineseReading-Laravel2/vendor/league/oauth2-server/src/Grant/PasswordGrant.php(98): League\\OAuth2\\Server\\Exception\\OAuthServerException::invalidCredentials()
#1 /Users/kimyongtan/Documents/GitHub/ChineseReading/ChineseReading-Laravel2/vendor/league/oauth2-server/src/Grant/PasswordGrant.php(53): League\\OAuth2\\Server\\Grant\\PasswordGrant->validateUser(Object(Zend\\Diactoros\\ServerRequest), Object(Laravel\\Passport\\Bridge\\Client))
#2 /Users/kimyongtan/Documents/GitHub/ChineseReading/ChineseReading-Laravel2/vendor/league/oauth2-server/src/AuthorizationServer.php(187): League\\OAuth2\\Server\\Grant\\PasswordGrant->respondToAccessTokenRequest(Object(Zend\\Diactoros\\ServerRequest), Object(League\\OAuth2\\Server\\ResponseTypes\\BearerTokenResponse), Object(DateInterval))
#3 /Users/kimyongtan/Documents/GitHub/ChineseReading/ChineseReading-Laravel2/vendor/laravel/passport/src/Http/Controllers/AccessTokenController.php(63): League\\OAuth2\\Server\\AuthorizationServer->respondToAccessTokenRequest(Object(Zend\\Diactoros\\ServerRequest), Object(Zend\\Diactoros\\Response))
#4 /Users/kimyongtan/Documents/GitHub/ChineseReading/ChineseReading-Laravel2/vendor/laravel/passport/src/Http/Controllers/HandlesOAuthErrors.php(28): Laravel\\Passport\\Http\\Controllers\\AccessTokenController->Laravel\\Passport\\Http\\Controllers\\{closure}()
#5 /Users/kimyongtan/Documents/GitHub/ChineseReading/ChineseReading-Laravel2/vendor/laravel/passport/src/Http/Controllers/AccessTokenController.php(65): Laravel\\Passport\\Http\\Controllers\\AccessTokenController->withErrorHandling(Object(Closure))
#6 /Users/kimyongtan/Documents/GitHub/ChineseReading/ChineseReading-Laravel2/vendor/laravel/framework/src/Illuminate/Routing/ControllerDispatcher.php(48): Laravel\\Passport\\Http\\Controllers\\AccessTokenController->issueToken(Object(Zend\\Diactoros\\ServerRequest))
#7 /Users/kimyongtan/Documents/GitHub/ChineseReading/ChineseReading-Laravel2/vendor/laravel/framework/src/Illuminate/Routing/Route.php(212): Illuminate\\Routing\\ControllerDispatcher->dispatch(Object(Illuminate\\Routing\\Route), Object(Laravel\\Passport\\Http\\Controllers\\AccessTokenController), 'issueToken')
#8 /Users/kimyongtan/Documents/GitHub/ChineseReading/ChineseReading-Laravel2/vendor/laravel/framework/src/Illuminate/Routing/Route.php(169): Illuminate\\Routing\\Route->runController()
#9 /Users/kimyongtan/Documents/GitHub/ChineseReading/ChineseReading-Laravel2/vendor/laravel/framework/src/Illuminate/Routing/Router.php(659): Illuminate\\Routing\\Route->run()
#10 /Users/kimyongtan/Documents/GitHub/ChineseReading/ChineseReading-Laravel2/vendor/laravel/framework/src/Illuminate/Routing/Pipeline.php(30): Illuminate\\Routing\\Router->Illuminate\\Routing\\{closure}(Object(Illuminate\\Http\\Request))
#11 /Users/kimyongtan/Documents/GitHub/ChineseReading/ChineseReading-Laravel2/vendor/laravel/framework/src/Illuminate/Routing/Middleware/ThrottleRequests.php(57): Illuminate\\Routing\\Pipeline->Illuminate\\Routing\\{closure}(Object(Illuminate\\Http\\Request))
#12 /Users/kimyongtan/Documents/GitHub/ChineseReading/ChineseReading-Laravel2/vendor/laravel/framework/src/Illuminate/Pipeline/Pipeline.php(149): Illuminate\\Routing\\Middleware\\ThrottleRequests->handle(Object(Illuminate\\Http\\Request), Object(Closure))
#13 /Users/kimyongtan/Documents/GitHub/ChineseReading/ChineseReading-Laravel2/vendor/laravel/framework/src/Illuminate/Routing/Pipeline.php(53): Illuminate\\Pipeline\\Pipeline->Illuminate\\Pipeline\\{closure}(Object(Illuminate\\Http\\Request))
#14 /Users/kimyongtan/Documents/GitHub/ChineseReading/ChineseReading-Laravel2/vendor/barryvdh/laravel-cors/src/HandleCors.php(58): Illuminate\\Routing\\Pipeline->Illuminate\\Routing\\{closure}(Object(Illuminate\\Http\\Request))
#15 /Users/kimyongtan/Documents/GitHub/ChineseReading/ChineseReading-Laravel2/vendor/laravel/framework/src/Illuminate/Pipeline/Pipeline.php(149): Barryvdh\\Cors\\HandleCors->handle(Object(Illuminate\\Http\\Request), Object(Closure))
#16 /Users/kimyongtan/Documents/GitHub/ChineseReading/ChineseReading-Laravel2/vendor/laravel/framework/src/Illuminate/Routing/Pipeline.php(53): Illuminate\\Pipeline\\Pipeline->Illuminate\\Pipeline\\{closure}(Object(Illuminate\\Http\\Request))
#17 /Users/kimyongtan/Documents/GitHub/ChineseReading/ChineseReading-Laravel2/vendor/laravel/framework/src/Illuminate/Pipeline/Pipeline.php(102): Illuminate\\Routing\\Pipeline->Illuminate\\Routing\\{closure}(Object(Illuminate\\Http\\Request))
#18 /Users/kimyongtan/Documents/GitHub/ChineseReading/ChineseReading-Laravel2/vendor/laravel/framework/src/Illuminate/Routing/Router.php(661): Illuminate\\Pipeline\\Pipeline->then(Object(Closure))
#19 /Users/kimyongtan/Documents/GitHub/ChineseReading/ChineseReading-Laravel2/vendor/laravel/framework/src/Illuminate/Routing/Router.php(636): Illuminate\\Routing\\Router->runRouteWithinStack(Object(Illuminate\\Routing\\Route), Object(Illuminate\\Http\\Request))
#20 /Users/kimyongtan/Documents/GitHub/ChineseReading/ChineseReading-Laravel2/vendor/laravel/framework/src/Illuminate/Routing/Router.php(602): Illuminate\\Routing\\Router->runRoute(Object(Illuminate\\Http\\Request), Object(Illuminate\\Routing\\Route))
#21 /Users/kimyongtan/Documents/GitHub/ChineseReading/ChineseReading-Laravel2/vendor/laravel/framework/src/Illuminate/Routing/Router.php(591): Illuminate\\Routing\\Router->dispatchToRoute(Object(Illuminate\\Http\\Request))
#22 /Users/kimyongtan/Documents/GitHub/ChineseReading/ChineseReading-Laravel2/vendor/laravel/framework/src/Illuminate/Foundation/Http/Kernel.php(176): Illuminate\\Routing\\Router->dispatch(Object(Illuminate\\Http\\Request))
#23 /Users/kimyongtan/Documents/GitHub/ChineseReading/ChineseReading-Laravel2/vendor/laravel/framework/src/Illuminate/Routing/Pipeline.php(30): Illuminate\\Foundation\\Http\\Kernel->Illuminate\\Foundation\\Http\\{closure}(Object(Illuminate\\Http\\Request))
#24 /Users/kimyongtan/Documents/GitHub/ChineseReading/ChineseReading-Laravel2/vendor/fideloper/proxy/src/TrustProxies.php(57): Illuminate\\Routing\\Pipeline->Illuminate\\Routing\\{closure}(Object(Illuminate\\Http\\Request))
#25 /Users/kimyongtan/Documents/GitHub/ChineseReading/ChineseReading-Laravel2/vendor/laravel/framework/src/Illuminate/Pipeline/Pipeline.php(149): Fideloper\\Proxy\\TrustProxies->handle(Object(Illuminate\\Http\\Request), Object(Closure))
#26 /Users/kimyongtan/Documents/GitHub/ChineseReading/ChineseReading-Laravel2/vendor/laravel/framework/src/Illuminate/Routing/Pipeline.php(53): Illuminate\\Pipeline\\Pipeline->Illuminate\\Pipeline\\{closure}(Object(Illuminate\\Http\\Request))
#27 /Users/kimyongtan/Documents/GitHub/ChineseReading/ChineseReading-Laravel2/vendor/laravel/framework/src/Illuminate/Foundation/Http/Middleware/TransformsRequest.php(30): Illuminate\\Routing\\Pipeline->Illuminate\\Routing\\{closure}(Object(Illuminate\\Http\\Request))
#28 /Users/kimyongtan/Documents/GitHub/ChineseReading/ChineseReading-Laravel2/vendor/laravel/framework/src/Illuminate/Pipeline/Pipeline.php(149): Illuminate\\Foundation\\Http\\Middleware\\TransformsRequest->handle(Object(Illuminate\\Http\\Request), Object(Closure))
#29 /Users/kimyongtan/Documents/GitHub/ChineseReading/ChineseReading-Laravel2/vendor/laravel/framework/src/Illuminate/Routing/Pipeline.php(53): Illuminate\\Pipeline\\Pipeline->Illuminate\\Pipeline\\{closure}(Object(Illuminate\\Http\\Request))
#30 /Users/kimyongtan/Documents/GitHub/ChineseReading/ChineseReading-Laravel2/vendor/laravel/framework/src/Illuminate/Foundation/Http/Middleware/TransformsRequest.php(30): Illuminate\\Routing\\Pipeline->Illuminate\\Routing\\{closure}(Object(Illuminate\\Http\\Request))
#31 /Users/kimyongtan/Documents/GitHub/ChineseReading/ChineseReading-Laravel2/vendor/laravel/framework/src/Illuminate/Pipeline/Pipeline.php(149): Illuminate\\Foundation\\Http\\Middleware\\TransformsRequest->handle(Object(Illuminate\\Http\\Request), Object(Closure))
#32 /Users/kimyongtan/Documents/GitHub/ChineseReading/ChineseReading-Laravel2/vendor/laravel/framework/src/Illuminate/Routing/Pipeline.php(53): Illuminate\\Pipeline\\Pipeline->Illuminate\\Pipeline\\{closure}(Object(Illuminate\\Http\\Request))
#33 /Users/kimyongtan/Documents/GitHub/ChineseReading/ChineseReading-Laravel2/vendor/laravel/framework/src/Illuminate/Foundation/Http/Middleware/ValidatePostSize.php(27): Illuminate\\Routing\\Pipeline->Illuminate\\Routing\\{closure}(Object(Illuminate\\Http\\Request))
#34 /Users/kimyongtan/Documents/GitHub/ChineseReading/ChineseReading-Laravel2/vendor/laravel/framework/src/Illuminate/Pipeline/Pipeline.php(149): Illuminate\\Foundation\\Http\\Middleware\\ValidatePostSize->handle(Object(Illuminate\\Http\\Request), Object(Closure))
#35 /Users/kimyongtan/Documents/GitHub/ChineseReading/ChineseReading-Laravel2/vendor/laravel/framework/src/Illuminate/Routing/Pipeline.php(53): Illuminate\\Pipeline\\Pipeline->Illuminate\\Pipeline\\{closure}(Object(Illuminate\\Http\\Request))
#36 /Users/kimyongtan/Documents/GitHub/ChineseReading/ChineseReading-Laravel2/vendor/laravel/framework/src/Illuminate/Foundation/Http/Middleware/CheckForMaintenanceMode.php(46): Illuminate\\Routing\\Pipeline->Illuminate\\Routing\\{closure}(Object(Illuminate\\Http\\Request))
#37 /Users/kimyongtan/Documents/GitHub/ChineseReading/ChineseReading-Laravel2/vendor/laravel/framework/src/Illuminate/Pipeline/Pipeline.php(149): Illuminate\\Foundation\\Http\\Middleware\\CheckForMaintenanceMode->handle(Object(Illuminate\\Http\\Request), Object(Closure))
#38 /Users/kimyongtan/Documents/GitHub/ChineseReading/ChineseReading-Laravel2/vendor/laravel/framework/src/Illuminate/Routing/Pipeline.php(53): Illuminate\\Pipeline\\Pipeline->Illuminate\\Pipeline\\{closure}(Object(Illuminate\\Http\\Request))
#39 /Users/kimyongtan/Documents/GitHub/ChineseReading/ChineseReading-Laravel2/vendor/barryvdh/laravel-cors/src/HandlePreflight.php(35): Illuminate\\Routing\\Pipeline->Illuminate\\Routing\\{closure}(Object(Illuminate\\Http\\Request))
#40 /Users/kimyongtan/Documents/GitHub/ChineseReading/ChineseReading-Laravel2/vendor/laravel/framework/src/Illuminate/Pipeline/Pipeline.php(149): Barryvdh\\Cors\\HandlePreflight->handle(Object(Illuminate\\Http\\Request), Object(Closure))
#41 /Users/kimyongtan/Documents/GitHub/ChineseReading/ChineseReading-Laravel2/vendor/laravel/framework/src/Illuminate/Routing/Pipeline.php(53): Illuminate\\Pipeline\\Pipeline->Illuminate\\Pipeline\\{closure}(Object(Illuminate\\Http\\Request))
#42 /Users/kimyongtan/Documents/GitHub/ChineseReading/ChineseReading-Laravel2/vendor/laravel/framework/src/Illuminate/Pipeline/Pipeline.php(102): Illuminate\\Routing\\Pipeline->Illuminate\\Routing\\{closure}(Object(Illuminate\\Http\\Request))
#43 /Users/kimyongtan/Documents/GitHub/ChineseReading/ChineseReading-Laravel2/vendor/laravel/framework/src/Illuminate/Foundation/Http/Kernel.php(151): Illuminate\\Pipeline\\Pipeline->then(Object(Closure))
#44 /Users/kimyongtan/Documents/GitHub/ChineseReading/ChineseReading-Laravel2/vendor/laravel/framework/src/Illuminate/Foundation/Http/Kernel.php(116): Illuminate\\Foundation\\Http\\Kernel->sendRequestThroughRouter(Object(Illuminate\\Http\\Request))
#45 /Users/kimyongtan/Documents/GitHub/ChineseReading/ChineseReading-Laravel2/public_html/index.php(55): Illuminate\\Foundation\\Http\\Kernel->handle(Object(Illuminate\\Http\\Request))
#46 {main}
"} 
[2018-03-04 04:01:32] local.ERROR: The user credentials were incorrect. {"exception":"[object] (League\\OAuth2\\Server\\Exception\\OAuthServerException(code: 6): The user credentials were incorrect. at /Users/kimyongtan/Documents/GitHub/ChineseReading/ChineseReading-Laravel2/vendor/league/oauth2-server/src/Exception/OAuthServerException.php:128)
[stacktrace]
#0 /Users/kimyongtan/Documents/GitHub/ChineseReading/ChineseReading-Laravel2/vendor/league/oauth2-server/src/Grant/PasswordGrant.php(98): League\\OAuth2\\Server\\Exception\\OAuthServerException::invalidCredentials()
#1 /Users/kimyongtan/Documents/GitHub/ChineseReading/ChineseReading-Laravel2/vendor/league/oauth2-server/src/Grant/PasswordGrant.php(53): League\\OAuth2\\Server\\Grant\\PasswordGrant->validateUser(Object(Zend\\Diactoros\\ServerRequest), Object(Laravel\\Passport\\Bridge\\Client))
#2 /Users/kimyongtan/Documents/GitHub/ChineseReading/ChineseReading-Laravel2/vendor/league/oauth2-server/src/AuthorizationServer.php(187): League\\OAuth2\\Server\\Grant\\PasswordGrant->respondToAccessTokenRequest(Object(Zend\\Diactoros\\ServerRequest), Object(League\\OAuth2\\Server\\ResponseTypes\\BearerTokenResponse), Object(DateInterval))
#3 /Users/kimyongtan/Documents/GitHub/ChineseReading/ChineseReading-Laravel2/vendor/laravel/passport/src/Http/Controllers/AccessTokenController.php(63): League\\OAuth2\\Server\\AuthorizationServer->respondToAccessTokenRequest(Object(Zend\\Diactoros\\ServerRequest), Object(Zend\\Diactoros\\Response))
#4 /Users/kimyongtan/Documents/GitHub/ChineseReading/ChineseReading-Laravel2/vendor/laravel/passport/src/Http/Controllers/HandlesOAuthErrors.php(28): Laravel\\Passport\\Http\\Controllers\\AccessTokenController->Laravel\\Passport\\Http\\Controllers\\{closure}()
#5 /Users/kimyongtan/Documents/GitHub/ChineseReading/ChineseReading-Laravel2/vendor/laravel/passport/src/Http/Controllers/AccessTokenController.php(65): Laravel\\Passport\\Http\\Controllers\\AccessTokenController->withErrorHandling(Object(Closure))
#6 /Users/kimyongtan/Documents/GitHub/ChineseReading/ChineseReading-Laravel2/vendor/laravel/framework/src/Illuminate/Routing/ControllerDispatcher.php(48): Laravel\\Passport\\Http\\Controllers\\AccessTokenController->issueToken(Object(Zend\\Diactoros\\ServerRequest))
#7 /Users/kimyongtan/Documents/GitHub/ChineseReading/ChineseReading-Laravel2/vendor/laravel/framework/src/Illuminate/Routing/Route.php(212): Illuminate\\Routing\\ControllerDispatcher->dispatch(Object(Illuminate\\Routing\\Route), Object(Laravel\\Passport\\Http\\Controllers\\AccessTokenController), 'issueToken')
#8 /Users/kimyongtan/Documents/GitHub/ChineseReading/ChineseReading-Laravel2/vendor/laravel/framework/src/Illuminate/Routing/Route.php(169): Illuminate\\Routing\\Route->runController()
#9 /Users/kimyongtan/Documents/GitHub/ChineseReading/ChineseReading-Laravel2/vendor/laravel/framework/src/Illuminate/Routing/Router.php(659): Illuminate\\Routing\\Route->run()
#10 /Users/kimyongtan/Documents/GitHub/ChineseReading/ChineseReading-Laravel2/vendor/laravel/framework/src/Illuminate/Routing/Pipeline.php(30): Illuminate\\Routing\\Router->Illuminate\\Routing\\{closure}(Object(Illuminate\\Http\\Request))
#11 /Users/kimyongtan/Documents/GitHub/ChineseReading/ChineseReading-Laravel2/vendor/laravel/framework/src/Illuminate/Routing/Middleware/ThrottleRequests.php(57): Illuminate\\Routing\\Pipeline->Illuminate\\Routing\\{closure}(Object(Illuminate\\Http\\Request))
#12 /Users/kimyongtan/Documents/GitHub/ChineseReading/ChineseReading-Laravel2/vendor/laravel/framework/src/Illuminate/Pipeline/Pipeline.php(149): Illuminate\\Routing\\Middleware\\ThrottleRequests->handle(Object(Illuminate\\Http\\Request), Object(Closure))
#13 /Users/kimyongtan/Documents/GitHub/ChineseReading/ChineseReading-Laravel2/vendor/laravel/framework/src/Illuminate/Routing/Pipeline.php(53): Illuminate\\Pipeline\\Pipeline->Illuminate\\Pipeline\\{closure}(Object(Illuminate\\Http\\Request))
#14 /Users/kimyongtan/Documents/GitHub/ChineseReading/ChineseReading-Laravel2/vendor/barryvdh/laravel-cors/src/HandleCors.php(58): Illuminate\\Routing\\Pipeline->Illuminate\\Routing\\{closure}(Object(Illuminate\\Http\\Request))
#15 /Users/kimyongtan/Documents/GitHub/ChineseReading/ChineseReading-Laravel2/vendor/laravel/framework/src/Illuminate/Pipeline/Pipeline.php(149): Barryvdh\\Cors\\HandleCors->handle(Object(Illuminate\\Http\\Request), Object(Closure))
#16 /Users/kimyongtan/Documents/GitHub/ChineseReading/ChineseReading-Laravel2/vendor/laravel/framework/src/Illuminate/Routing/Pipeline.php(53): Illuminate\\Pipeline\\Pipeline->Illuminate\\Pipeline\\{closure}(Object(Illuminate\\Http\\Request))
#17 /Users/kimyongtan/Documents/GitHub/ChineseReading/ChineseReading-Laravel2/vendor/laravel/framework/src/Illuminate/Pipeline/Pipeline.php(102): Illuminate\\Routing\\Pipeline->Illuminate\\Routing\\{closure}(Object(Illuminate\\Http\\Request))
#18 /Users/kimyongtan/Documents/GitHub/ChineseReading/ChineseReading-Laravel2/vendor/laravel/framework/src/Illuminate/Routing/Router.php(661): Illuminate\\Pipeline\\Pipeline->then(Object(Closure))
#19 /Users/kimyongtan/Documents/GitHub/ChineseReading/ChineseReading-Laravel2/vendor/laravel/framework/src/Illuminate/Routing/Router.php(636): Illuminate\\Routing\\Router->runRouteWithinStack(Object(Illuminate\\Routing\\Route), Object(Illuminate\\Http\\Request))
#20 /Users/kimyongtan/Documents/GitHub/ChineseReading/ChineseReading-Laravel2/vendor/laravel/framework/src/Illuminate/Routing/Router.php(602): Illuminate\\Routing\\Router->runRoute(Object(Illuminate\\Http\\Request), Object(Illuminate\\Routing\\Route))
#21 /Users/kimyongtan/Documents/GitHub/ChineseReading/ChineseReading-Laravel2/vendor/laravel/framework/src/Illuminate/Routing/Router.php(591): Illuminate\\Routing\\Router->dispatchToRoute(Object(Illuminate\\Http\\Request))
#22 /Users/kimyongtan/Documents/GitHub/ChineseReading/ChineseReading-Laravel2/vendor/laravel/framework/src/Illuminate/Foundation/Http/Kernel.php(176): Illuminate\\Routing\\Router->dispatch(Object(Illuminate\\Http\\Request))
#23 /Users/kimyongtan/Documents/GitHub/ChineseReading/ChineseReading-Laravel2/vendor/laravel/framework/src/Illuminate/Routing/Pipeline.php(30): Illuminate\\Foundation\\Http\\Kernel->Illuminate\\Foundation\\Http\\{closure}(Object(Illuminate\\Http\\Request))
#24 /Users/kimyongtan/Documents/GitHub/ChineseReading/ChineseReading-Laravel2/vendor/fideloper/proxy/src/TrustProxies.php(57): Illuminate\\Routing\\Pipeline->Illuminate\\Routing\\{closure}(Object(Illuminate\\Http\\Request))
#25 /Users/kimyongtan/Documents/GitHub/ChineseReading/ChineseReading-Laravel2/vendor/laravel/framework/src/Illuminate/Pipeline/Pipeline.php(149): Fideloper\\Proxy\\TrustProxies->handle(Object(Illuminate\\Http\\Request), Object(Closure))
#26 /Users/kimyongtan/Documents/GitHub/ChineseReading/ChineseReading-Laravel2/vendor/laravel/framework/src/Illuminate/Routing/Pipeline.php(53): Illuminate\\Pipeline\\Pipeline->Illuminate\\Pipeline\\{closure}(Object(Illuminate\\Http\\Request))
#27 /Users/kimyongtan/Documents/GitHub/ChineseReading/ChineseReading-Laravel2/vendor/laravel/framework/src/Illuminate/Foundation/Http/Middleware/TransformsRequest.php(30): Illuminate\\Routing\\Pipeline->Illuminate\\Routing\\{closure}(Object(Illuminate\\Http\\Request))
#28 /Users/kimyongtan/Documents/GitHub/ChineseReading/ChineseReading-Laravel2/vendor/laravel/framework/src/Illuminate/Pipeline/Pipeline.php(149): Illuminate\\Foundation\\Http\\Middleware\\TransformsRequest->handle(Object(Illuminate\\Http\\Request), Object(Closure))
#29 /Users/kimyongtan/Documents/GitHub/ChineseReading/ChineseReading-Laravel2/vendor/laravel/framework/src/Illuminate/Routing/Pipeline.php(53): Illuminate\\Pipeline\\Pipeline->Illuminate\\Pipeline\\{closure}(Object(Illuminate\\Http\\Request))
#30 /Users/kimyongtan/Documents/GitHub/ChineseReading/ChineseReading-Laravel2/vendor/laravel/framework/src/Illuminate/Foundation/Http/Middleware/TransformsRequest.php(30): Illuminate\\Routing\\Pipeline->Illuminate\\Routing\\{closure}(Object(Illuminate\\Http\\Request))
#31 /Users/kimyongtan/Documents/GitHub/ChineseReading/ChineseReading-Laravel2/vendor/laravel/framework/src/Illuminate/Pipeline/Pipeline.php(149): Illuminate\\Foundation\\Http\\Middleware\\TransformsRequest->handle(Object(Illuminate\\Http\\Request), Object(Closure))
#32 /Users/kimyongtan/Documents/GitHub/ChineseReading/ChineseReading-Laravel2/vendor/laravel/framework/src/Illuminate/Routing/Pipeline.php(53): Illuminate\\Pipeline\\Pipeline->Illuminate\\Pipeline\\{closure}(Object(Illuminate\\Http\\Request))
#33 /Users/kimyongtan/Documents/GitHub/ChineseReading/ChineseReading-Laravel2/vendor/laravel/framework/src/Illuminate/Foundation/Http/Middleware/ValidatePostSize.php(27): Illuminate\\Routing\\Pipeline->Illuminate\\Routing\\{closure}(Object(Illuminate\\Http\\Request))
#34 /Users/kimyongtan/Documents/GitHub/ChineseReading/ChineseReading-Laravel2/vendor/laravel/framework/src/Illuminate/Pipeline/Pipeline.php(149): Illuminate\\Foundation\\Http\\Middleware\\ValidatePostSize->handle(Object(Illuminate\\Http\\Request), Object(Closure))
#35 /Users/kimyongtan/Documents/GitHub/ChineseReading/ChineseReading-Laravel2/vendor/laravel/framework/src/Illuminate/Routing/Pipeline.php(53): Illuminate\\Pipeline\\Pipeline->Illuminate\\Pipeline\\{closure}(Object(Illuminate\\Http\\Request))
#36 /Users/kimyongtan/Documents/GitHub/ChineseReading/ChineseReading-Laravel2/vendor/laravel/framework/src/Illuminate/Foundation/Http/Middleware/CheckForMaintenanceMode.php(46): Illuminate\\Routing\\Pipeline->Illuminate\\Routing\\{closure}(Object(Illuminate\\Http\\Request))
#37 /Users/kimyongtan/Documents/GitHub/ChineseReading/ChineseReading-Laravel2/vendor/laravel/framework/src/Illuminate/Pipeline/Pipeline.php(149): Illuminate\\Foundation\\Http\\Middleware\\CheckForMaintenanceMode->handle(Object(Illuminate\\Http\\Request), Object(Closure))
#38 /Users/kimyongtan/Documents/GitHub/ChineseReading/ChineseReading-Laravel2/vendor/laravel/framework/src/Illuminate/Routing/Pipeline.php(53): Illuminate\\Pipeline\\Pipeline->Illuminate\\Pipeline\\{closure}(Object(Illuminate\\Http\\Request))
#39 /Users/kimyongtan/Documents/GitHub/ChineseReading/ChineseReading-Laravel2/vendor/barryvdh/laravel-cors/src/HandlePreflight.php(35): Illuminate\\Routing\\Pipeline->Illuminate\\Routing\\{closure}(Object(Illuminate\\Http\\Request))
#40 /Users/kimyongtan/Documents/GitHub/ChineseReading/ChineseReading-Laravel2/vendor/laravel/framework/src/Illuminate/Pipeline/Pipeline.php(149): Barryvdh\\Cors\\HandlePreflight->handle(Object(Illuminate\\Http\\Request), Object(Closure))
#41 /Users/kimyongtan/Documents/GitHub/ChineseReading/ChineseReading-Laravel2/vendor/laravel/framework/src/Illuminate/Routing/Pipeline.php(53): Illuminate\\Pipeline\\Pipeline->Illuminate\\Pipeline\\{closure}(Object(Illuminate\\Http\\Request))
#42 /Users/kimyongtan/Documents/GitHub/ChineseReading/ChineseReading-Laravel2/vendor/laravel/framework/src/Illuminate/Pipeline/Pipeline.php(102): Illuminate\\Routing\\Pipeline->Illuminate\\Routing\\{closure}(Object(Illuminate\\Http\\Request))
#43 /Users/kimyongtan/Documents/GitHub/ChineseReading/ChineseReading-Laravel2/vendor/laravel/framework/src/Illuminate/Foundation/Http/Kernel.php(151): Illuminate\\Pipeline\\Pipeline->then(Object(Closure))
#44 /Users/kimyongtan/Documents/GitHub/ChineseReading/ChineseReading-Laravel2/vendor/laravel/framework/src/Illuminate/Foundation/Http/Kernel.php(116): Illuminate\\Foundation\\Http\\Kernel->sendRequestThroughRouter(Object(Illuminate\\Http\\Request))
#45 /Users/kimyongtan/Documents/GitHub/ChineseReading/ChineseReading-Laravel2/public_html/index.php(55): Illuminate\\Foundation\\Http\\Kernel->handle(Object(Illuminate\\Http\\Request))
#46 {main}
"} 
[2018-03-04 04:01:36] local.ERROR: The user credentials were incorrect. {"exception":"[object] (League\\OAuth2\\Server\\Exception\\OAuthServerException(code: 6): The user credentials were incorrect. at /Users/kimyongtan/Documents/GitHub/ChineseReading/ChineseReading-Laravel2/vendor/league/oauth2-server/src/Exception/OAuthServerException.php:128)
[stacktrace]
#0 /Users/kimyongtan/Documents/GitHub/ChineseReading/ChineseReading-Laravel2/vendor/league/oauth2-server/src/Grant/PasswordGrant.php(98): League\\OAuth2\\Server\\Exception\\OAuthServerException::invalidCredentials()
#1 /Users/kimyongtan/Documents/GitHub/ChineseReading/ChineseReading-Laravel2/vendor/league/oauth2-server/src/Grant/PasswordGrant.php(53): League\\OAuth2\\Server\\Grant\\PasswordGrant->validateUser(Object(Zend\\Diactoros\\ServerRequest), Object(Laravel\\Passport\\Bridge\\Client))
#2 /Users/kimyongtan/Documents/GitHub/ChineseReading/ChineseReading-Laravel2/vendor/league/oauth2-server/src/AuthorizationServer.php(187): League\\OAuth2\\Server\\Grant\\PasswordGrant->respondToAccessTokenRequest(Object(Zend\\Diactoros\\ServerRequest), Object(League\\OAuth2\\Server\\ResponseTypes\\BearerTokenResponse), Object(DateInterval))
#3 /Users/kimyongtan/Documents/GitHub/ChineseReading/ChineseReading-Laravel2/vendor/laravel/passport/src/Http/Controllers/AccessTokenController.php(63): League\\OAuth2\\Server\\AuthorizationServer->respondToAccessTokenRequest(Object(Zend\\Diactoros\\ServerRequest), Object(Zend\\Diactoros\\Response))
#4 /Users/kimyongtan/Documents/GitHub/ChineseReading/ChineseReading-Laravel2/vendor/laravel/passport/src/Http/Controllers/HandlesOAuthErrors.php(28): Laravel\\Passport\\Http\\Controllers\\AccessTokenController->Laravel\\Passport\\Http\\Controllers\\{closure}()
#5 /Users/kimyongtan/Documents/GitHub/ChineseReading/ChineseReading-Laravel2/vendor/laravel/passport/src/Http/Controllers/AccessTokenController.php(65): Laravel\\Passport\\Http\\Controllers\\AccessTokenController->withErrorHandling(Object(Closure))
#6 /Users/kimyongtan/Documents/GitHub/ChineseReading/ChineseReading-Laravel2/vendor/laravel/framework/src/Illuminate/Routing/ControllerDispatcher.php(48): Laravel\\Passport\\Http\\Controllers\\AccessTokenController->issueToken(Object(Zend\\Diactoros\\ServerRequest))
#7 /Users/kimyongtan/Documents/GitHub/ChineseReading/ChineseReading-Laravel2/vendor/laravel/framework/src/Illuminate/Routing/Route.php(212): Illuminate\\Routing\\ControllerDispatcher->dispatch(Object(Illuminate\\Routing\\Route), Object(Laravel\\Passport\\Http\\Controllers\\AccessTokenController), 'issueToken')
#8 /Users/kimyongtan/Documents/GitHub/ChineseReading/ChineseReading-Laravel2/vendor/laravel/framework/src/Illuminate/Routing/Route.php(169): Illuminate\\Routing\\Route->runController()
#9 /Users/kimyongtan/Documents/GitHub/ChineseReading/ChineseReading-Laravel2/vendor/laravel/framework/src/Illuminate/Routing/Router.php(659): Illuminate\\Routing\\Route->run()
#10 /Users/kimyongtan/Documents/GitHub/ChineseReading/ChineseReading-Laravel2/vendor/laravel/framework/src/Illuminate/Routing/Pipeline.php(30): Illuminate\\Routing\\Router->Illuminate\\Routing\\{closure}(Object(Illuminate\\Http\\Request))
#11 /Users/kimyongtan/Documents/GitHub/ChineseReading/ChineseReading-Laravel2/vendor/laravel/framework/src/Illuminate/Routing/Middleware/ThrottleRequests.php(57): Illuminate\\Routing\\Pipeline->Illuminate\\Routing\\{closure}(Object(Illuminate\\Http\\Request))
#12 /Users/kimyongtan/Documents/GitHub/ChineseReading/ChineseReading-Laravel2/vendor/laravel/framework/src/Illuminate/Pipeline/Pipeline.php(149): Illuminate\\Routing\\Middleware\\ThrottleRequests->handle(Object(Illuminate\\Http\\Request), Object(Closure))
#13 /Users/kimyongtan/Documents/GitHub/ChineseReading/ChineseReading-Laravel2/vendor/laravel/framework/src/Illuminate/Routing/Pipeline.php(53): Illuminate\\Pipeline\\Pipeline->Illuminate\\Pipeline\\{closure}(Object(Illuminate\\Http\\Request))
#14 /Users/kimyongtan/Documents/GitHub/ChineseReading/ChineseReading-Laravel2/vendor/barryvdh/laravel-cors/src/HandleCors.php(58): Illuminate\\Routing\\Pipeline->Illuminate\\Routing\\{closure}(Object(Illuminate\\Http\\Request))
#15 /Users/kimyongtan/Documents/GitHub/ChineseReading/ChineseReading-Laravel2/vendor/laravel/framework/src/Illuminate/Pipeline/Pipeline.php(149): Barryvdh\\Cors\\HandleCors->handle(Object(Illuminate\\Http\\Request), Object(Closure))
#16 /Users/kimyongtan/Documents/GitHub/ChineseReading/ChineseReading-Laravel2/vendor/laravel/framework/src/Illuminate/Routing/Pipeline.php(53): Illuminate\\Pipeline\\Pipeline->Illuminate\\Pipeline\\{closure}(Object(Illuminate\\Http\\Request))
#17 /Users/kimyongtan/Documents/GitHub/ChineseReading/ChineseReading-Laravel2/vendor/laravel/framework/src/Illuminate/Pipeline/Pipeline.php(102): Illuminate\\Routing\\Pipeline->Illuminate\\Routing\\{closure}(Object(Illuminate\\Http\\Request))
#18 /Users/kimyongtan/Documents/GitHub/ChineseReading/ChineseReading-Laravel2/vendor/laravel/framework/src/Illuminate/Routing/Router.php(661): Illuminate\\Pipeline\\Pipeline->then(Object(Closure))
#19 /Users/kimyongtan/Documents/GitHub/ChineseReading/ChineseReading-Laravel2/vendor/laravel/framework/src/Illuminate/Routing/Router.php(636): Illuminate\\Routing\\Router->runRouteWithinStack(Object(Illuminate\\Routing\\Route), Object(Illuminate\\Http\\Request))
#20 /Users/kimyongtan/Documents/GitHub/ChineseReading/ChineseReading-Laravel2/vendor/laravel/framework/src/Illuminate/Routing/Router.php(602): Illuminate\\Routing\\Router->runRoute(Object(Illuminate\\Http\\Request), Object(Illuminate\\Routing\\Route))
#21 /Users/kimyongtan/Documents/GitHub/ChineseReading/ChineseReading-Laravel2/vendor/laravel/framework/src/Illuminate/Routing/Router.php(591): Illuminate\\Routing\\Router->dispatchToRoute(Object(Illuminate\\Http\\Request))
#22 /Users/kimyongtan/Documents/GitHub/ChineseReading/ChineseReading-Laravel2/vendor/laravel/framework/src/Illuminate/Foundation/Http/Kernel.php(176): Illuminate\\Routing\\Router->dispatch(Object(Illuminate\\Http\\Request))
#23 /Users/kimyongtan/Documents/GitHub/ChineseReading/ChineseReading-Laravel2/vendor/laravel/framework/src/Illuminate/Routing/Pipeline.php(30): Illuminate\\Foundation\\Http\\Kernel->Illuminate\\Foundation\\Http\\{closure}(Object(Illuminate\\Http\\Request))
#24 /Users/kimyongtan/Documents/GitHub/ChineseReading/ChineseReading-Laravel2/vendor/fideloper/proxy/src/TrustProxies.php(57): Illuminate\\Routing\\Pipeline->Illuminate\\Routing\\{closure}(Object(Illuminate\\Http\\Request))
#25 /Users/kimyongtan/Documents/GitHub/ChineseReading/ChineseReading-Laravel2/vendor/laravel/framework/src/Illuminate/Pipeline/Pipeline.php(149): Fideloper\\Proxy\\TrustProxies->handle(Object(Illuminate\\Http\\Request), Object(Closure))
#26 /Users/kimyongtan/Documents/GitHub/ChineseReading/ChineseReading-Laravel2/vendor/laravel/framework/src/Illuminate/Routing/Pipeline.php(53): Illuminate\\Pipeline\\Pipeline->Illuminate\\Pipeline\\{closure}(Object(Illuminate\\Http\\Request))
#27 /Users/kimyongtan/Documents/GitHub/ChineseReading/ChineseReading-Laravel2/vendor/laravel/framework/src/Illuminate/Foundation/Http/Middleware/TransformsRequest.php(30): Illuminate\\Routing\\Pipeline->Illuminate\\Routing\\{closure}(Object(Illuminate\\Http\\Request))
#28 /Users/kimyongtan/Documents/GitHub/ChineseReading/ChineseReading-Laravel2/vendor/laravel/framework/src/Illuminate/Pipeline/Pipeline.php(149): Illuminate\\Foundation\\Http\\Middleware\\TransformsRequest->handle(Object(Illuminate\\Http\\Request), Object(Closure))
#29 /Users/kimyongtan/Documents/GitHub/ChineseReading/ChineseReading-Laravel2/vendor/laravel/framework/src/Illuminate/Routing/Pipeline.php(53): Illuminate\\Pipeline\\Pipeline->Illuminate\\Pipeline\\{closure}(Object(Illuminate\\Http\\Request))
#30 /Users/kimyongtan/Documents/GitHub/ChineseReading/ChineseReading-Laravel2/vendor/laravel/framework/src/Illuminate/Foundation/Http/Middleware/TransformsRequest.php(30): Illuminate\\Routing\\Pipeline->Illuminate\\Routing\\{closure}(Object(Illuminate\\Http\\Request))
#31 /Users/kimyongtan/Documents/GitHub/ChineseReading/ChineseReading-Laravel2/vendor/laravel/framework/src/Illuminate/Pipeline/Pipeline.php(149): Illuminate\\Foundation\\Http\\Middleware\\TransformsRequest->handle(Object(Illuminate\\Http\\Request), Object(Closure))
#32 /Users/kimyongtan/Documents/GitHub/ChineseReading/ChineseReading-Laravel2/vendor/laravel/framework/src/Illuminate/Routing/Pipeline.php(53): Illuminate\\Pipeline\\Pipeline->Illuminate\\Pipeline\\{closure}(Object(Illuminate\\Http\\Request))
#33 /Users/kimyongtan/Documents/GitHub/ChineseReading/ChineseReading-Laravel2/vendor/laravel/framework/src/Illuminate/Foundation/Http/Middleware/ValidatePostSize.php(27): Illuminate\\Routing\\Pipeline->Illuminate\\Routing\\{closure}(Object(Illuminate\\Http\\Request))
#34 /Users/kimyongtan/Documents/GitHub/ChineseReading/ChineseReading-Laravel2/vendor/laravel/framework/src/Illuminate/Pipeline/Pipeline.php(149): Illuminate\\Foundation\\Http\\Middleware\\ValidatePostSize->handle(Object(Illuminate\\Http\\Request), Object(Closure))
#35 /Users/kimyongtan/Documents/GitHub/ChineseReading/ChineseReading-Laravel2/vendor/laravel/framework/src/Illuminate/Routing/Pipeline.php(53): Illuminate\\Pipeline\\Pipeline->Illuminate\\Pipeline\\{closure}(Object(Illuminate\\Http\\Request))
#36 /Users/kimyongtan/Documents/GitHub/ChineseReading/ChineseReading-Laravel2/vendor/laravel/framework/src/Illuminate/Foundation/Http/Middleware/CheckForMaintenanceMode.php(46): Illuminate\\Routing\\Pipeline->Illuminate\\Routing\\{closure}(Object(Illuminate\\Http\\Request))
#37 /Users/kimyongtan/Documents/GitHub/ChineseReading/ChineseReading-Laravel2/vendor/laravel/framework/src/Illuminate/Pipeline/Pipeline.php(149): Illuminate\\Foundation\\Http\\Middleware\\CheckForMaintenanceMode->handle(Object(Illuminate\\Http\\Request), Object(Closure))
#38 /Users/kimyongtan/Documents/GitHub/ChineseReading/ChineseReading-Laravel2/vendor/laravel/framework/src/Illuminate/Routing/Pipeline.php(53): Illuminate\\Pipeline\\Pipeline->Illuminate\\Pipeline\\{closure}(Object(Illuminate\\Http\\Request))
#39 /Users/kimyongtan/Documents/GitHub/ChineseReading/ChineseReading-Laravel2/vendor/barryvdh/laravel-cors/src/HandlePreflight.php(35): Illuminate\\Routing\\Pipeline->Illuminate\\Routing\\{closure}(Object(Illuminate\\Http\\Request))
#40 /Users/kimyongtan/Documents/GitHub/ChineseReading/ChineseReading-Laravel2/vendor/laravel/framework/src/Illuminate/Pipeline/Pipeline.php(149): Barryvdh\\Cors\\HandlePreflight->handle(Object(Illuminate\\Http\\Request), Object(Closure))
#41 /Users/kimyongtan/Documents/GitHub/ChineseReading/ChineseReading-Laravel2/vendor/laravel/framework/src/Illuminate/Routing/Pipeline.php(53): Illuminate\\Pipeline\\Pipeline->Illuminate\\Pipeline\\{closure}(Object(Illuminate\\Http\\Request))
#42 /Users/kimyongtan/Documents/GitHub/ChineseReading/ChineseReading-Laravel2/vendor/laravel/framework/src/Illuminate/Pipeline/Pipeline.php(102): Illuminate\\Routing\\Pipeline->Illuminate\\Routing\\{closure}(Object(Illuminate\\Http\\Request))
#43 /Users/kimyongtan/Documents/GitHub/ChineseReading/ChineseReading-Laravel2/vendor/laravel/framework/src/Illuminate/Foundation/Http/Kernel.php(151): Illuminate\\Pipeline\\Pipeline->then(Object(Closure))
#44 /Users/kimyongtan/Documents/GitHub/ChineseReading/ChineseReading-Laravel2/vendor/laravel/framework/src/Illuminate/Foundation/Http/Kernel.php(116): Illuminate\\Foundation\\Http\\Kernel->sendRequestThroughRouter(Object(Illuminate\\Http\\Request))
#45 /Users/kimyongtan/Documents/GitHub/ChineseReading/ChineseReading-Laravel2/public_html/index.php(55): Illuminate\\Foundation\\Http\\Kernel->handle(Object(Illuminate\\Http\\Request))
#46 {main}
"} 
